0 info it worked if it ends with ok
1 verbose cli [ '/usr/local/bin/node', '/usr/local/bin/npm', 'run', 'deploy' ]
2 info using npm@3.10.10
3 info using node@v6.10.3
4 verbose run-script [ 'predeploy', 'deploy', 'postdeploy' ]
5 info lifecycle bulletin-board@0.0.1~predeploy: bulletin-board@0.0.1
6 verbose lifecycle bulletin-board@0.0.1~predeploy: unsafe-perm in lifecycle true
7 verbose lifecycle bulletin-board@0.0.1~predeploy: PATH: /usr/local/lib/node_modules/npm/bin/node-gyp-bin:/Users/i339952/codebase/bulletin-board/node_modules/.bin:/Applications/oracle/product/instantclient_64/12.1.0.2.0/bin:/usr/local/ActivePerl-5.10/bin:/Applications/oracle/product/instantclient_64/12.1.0.2.0/bin:/usr/local/ActivePerl-5.10/bin:/usr/local/bin:/usr/bin:/bin:/usr/sbin:/sbin:/ariba/rc/ez:/ariba/devtools/ez:.:/opt/apache-maven-3.5.0/bin:/Users/i339952/software/mongodb/bin:/ariba/rc/ez:/ariba/devtools/ez:.:/opt/apache-maven-3.5.0/bin:/Users/i339952/software/mongodb/bin
8 verbose lifecycle bulletin-board@0.0.1~predeploy: CWD: /Users/i339952/codebase/bulletin-board
9 silly lifecycle bulletin-board@0.0.1~predeploy: Args: [ '-c', 'npm run build' ]
10 silly lifecycle bulletin-board@0.0.1~predeploy: Returned: code: 0  signal: null
11 info lifecycle bulletin-board@0.0.1~deploy: bulletin-board@0.0.1
12 verbose lifecycle bulletin-board@0.0.1~deploy: unsafe-perm in lifecycle true
13 verbose lifecycle bulletin-board@0.0.1~deploy: PATH: /usr/local/lib/node_modules/npm/bin/node-gyp-bin:/Users/i339952/codebase/bulletin-board/node_modules/.bin:/Applications/oracle/product/instantclient_64/12.1.0.2.0/bin:/usr/local/ActivePerl-5.10/bin:/Applications/oracle/product/instantclient_64/12.1.0.2.0/bin:/usr/local/ActivePerl-5.10/bin:/usr/local/bin:/usr/bin:/bin:/usr/sbin:/sbin:/ariba/rc/ez:/ariba/devtools/ez:.:/opt/apache-maven-3.5.0/bin:/Users/i339952/software/mongodb/bin:/ariba/rc/ez:/ariba/devtools/ez:.:/opt/apache-maven-3.5.0/bin:/Users/i339952/software/mongodb/bin
14 verbose lifecycle bulletin-board@0.0.1~deploy: CWD: /Users/i339952/codebase/bulletin-board
15 silly lifecycle bulletin-board@0.0.1~deploy: Args: [ '-c', 'gh-pages -d build' ]
16 silly lifecycle bulletin-board@0.0.1~deploy: Returned: code: 1  signal: null
17 info lifecycle bulletin-board@0.0.1~deploy: Failed to exec deploy script
18 verbose stack Error: bulletin-board@0.0.1 deploy: `gh-pages -d build`
18 verbose stack Exit status 1
18 verbose stack     at EventEmitter.<anonymous> (/usr/local/lib/node_modules/npm/lib/utils/lifecycle.js:255:16)
18 verbose stack     at emitTwo (events.js:106:13)
18 verbose stack     at EventEmitter.emit (events.js:191:7)
18 verbose stack     at ChildProcess.<anonymous> (/usr/local/lib/node_modules/npm/lib/utils/spawn.js:40:14)
18 verbose stack     at emitTwo (events.js:106:13)
18 verbose stack     at ChildProcess.emit (events.js:191:7)
18 verbose stack     at maybeClose (internal/child_process.js:886:16)
18 verbose stack     at Process.ChildProcess._handle.onexit (internal/child_process.js:226:5)
19 verbose pkgid bulletin-board@0.0.1
20 verbose cwd /Users/i339952/codebase/bulletin-board
21 error Darwin 16.6.0
22 error argv "/usr/local/bin/node" "/usr/local/bin/npm" "run" "deploy"
23 error node v6.10.3
24 error npm  v3.10.10
25 error code ELIFECYCLE
26 error bulletin-board@0.0.1 deploy: `gh-pages -d build`
26 error Exit status 1
27 error Failed at the bulletin-board@0.0.1 deploy script 'gh-pages -d build'.
27 error Make sure you have the latest version of node.js and npm installed.
27 error If you do, this is most likely a problem with the bulletin-board package,
27 error not with npm itself.
27 error Tell the author that this fails on your system:
27 error     gh-pages -d build
27 error You can get information on how to open an issue for this project with:
27 error     npm bugs bulletin-board
27 error Or if that isn't available, you can get their info via:
27 error     npm owner ls bulletin-board
27 error There is likely additional logging output above.
28 verbose exit [ 1, true ]
